<?xml version="1.0" encoding="UTF-8"?>
<!-- Generated by org.testng.reporters.JUnitXMLReporter -->
<testsuite hostname="itti" ignored="0" name="Color Explorer Chrome Tests" tests="2" failures="0" timestamp="03 Aug 2019 12:30:35 GMT" time="20.313" errors="0">
  <testcase name="TestHomePageTitle" time="0.105" classname="colorExplorerAutomation.testcases.TitlesTest"/>
  <testcase name="TestValidatorPageTitle" time="2.377" classname="colorExplorerAutomation.testcases.TitlesTest"/>
</testsuite> <!-- Color Explorer Chrome Tests -->
