<?xml version="1.0" encoding="UTF-8"?>
<!-- Generated by org.testng.reporters.JUnitXMLReporter -->
<testsuite hostname="itti" ignored="0" name="Color Explorer Tests" tests="2" failures="0" timestamp="03 Aug 2019 12:10:18 GMT" time="23.912" errors="0">
  <testcase name="TestHomePageTitle" time="0.052" classname="colorExplorerAutomation.testcases.TitlesTest"/>
  <testcase name="TestValidatorPageTitle" time="2.514" classname="colorExplorerAutomation.testcases.TitlesTest"/>
</testsuite> <!-- Color Explorer Tests -->
